Determining if the pthread_create exist failed with the following output:
Change Dir: /home/cevans/health_metrics/src/health-metrics-collector-ros2/health_metric_collector/cmake-build-debug/CMakeFiles/CMakeTmp

Run Build Command:"/usr/bin/make" "cmTC_95c54/fast"
/usr/bin/make -f CMakeFiles/cmTC_95c54.dir/build.make CMakeFiles/cmTC_95c54.dir/build
make[1]: Entering directory '/home/cevans/health_metrics/src/health-metrics-collector-ros2/health_metric_collector/cmake-build-debug/CMakeFiles/CMakeTmp'
Building C object CMakeFiles/cmTC_95c54.dir/CheckSymbolExists.c.o
/usr/bin/cc    -o CMakeFiles/cmTC_95c54.dir/CheckSymbolExists.c.o   -c /home/cevans/health_metrics/src/health-metrics-collector-ros2/health_metric_collector/cmake-build-debug/CMakeFiles/CMakeTmp/CheckSymbolExists.c
Linking C executable cmTC_95c54
/usr/bin/cmake -E cmake_link_script CMakeFiles/cmTC_95c54.dir/link.txt --verbose=1
/usr/bin/cc      CMakeFiles/cmTC_95c54.dir/CheckSymbolExists.c.o  -o cmTC_95c54 
CMakeFiles/cmTC_95c54.dir/CheckSymbolExists.c.o: In function `main':
CheckSymbolExists.c:(.text+0x1b): undefined reference to `pthread_create'
collect2: error: ld returned 1 exit status
CMakeFiles/cmTC_95c54.dir/build.make:97: recipe for target 'cmTC_95c54' failed
make[1]: *** [cmTC_95c54] Error 1
make[1]: Leaving directory '/home/cevans/health_metrics/src/health-metrics-collector-ros2/health_metric_collector/cmake-build-debug/CMakeFiles/CMakeTmp'
Makefile:126: recipe for target 'cmTC_95c54/fast' failed
make: *** [cmTC_95c54/fast] Error 2

File /home/cevans/health_metrics/src/health-metrics-collector-ros2/health_metric_collector/cmake-build-debug/CMakeFiles/CMakeTmp/CheckSymbolExists.c:
/* */
#include <pthread.h>

int main(int argc, char** argv)
{
  (void)argv;
#ifndef pthread_create
  return ((int*)(&pthread_create))[argc];
#else
  (void)argc;
  return 0;
#endif
}

Determining if the function pthread_create exists in the pthreads failed with the following output:
Change Dir: /home/cevans/health_metrics/src/health-metrics-collector-ros2/health_metric_collector/cmake-build-debug/CMakeFiles/CMakeTmp

Run Build Command:"/usr/bin/make" "cmTC_186d7/fast"
/usr/bin/make -f CMakeFiles/cmTC_186d7.dir/build.make CMakeFiles/cmTC_186d7.dir/build
make[1]: Entering directory '/home/cevans/health_metrics/src/health-metrics-collector-ros2/health_metric_collector/cmake-build-debug/CMakeFiles/CMakeTmp'
Building C object CMakeFiles/cmTC_186d7.dir/CheckFunctionExists.c.o
/usr/bin/cc   -DCHECK_FUNCTION_EXISTS=pthread_create   -o CMakeFiles/cmTC_186d7.dir/CheckFunctionExists.c.o   -c /usr/share/cmake-3.10/Modules/CheckFunctionExists.c
Linking C executable cmTC_186d7
/usr/bin/cmake -E cmake_link_script CMakeFiles/cmTC_186d7.dir/link.txt --verbose=1
/usr/bin/cc  -DCHECK_FUNCTION_EXISTS=pthread_create    CMakeFiles/cmTC_186d7.dir/CheckFunctionExists.c.o  -o cmTC_186d7 -lpthreads 
/usr/bin/ld: cannot find -lpthreads
collect2: error: ld returned 1 exit status
CMakeFiles/cmTC_186d7.dir/build.make:97: recipe for target 'cmTC_186d7' failed
make[1]: *** [cmTC_186d7] Error 1
make[1]: Leaving directory '/home/cevans/health_metrics/src/health-metrics-collector-ros2/health_metric_collector/cmake-build-debug/CMakeFiles/CMakeTmp'
Makefile:126: recipe for target 'cmTC_186d7/fast' failed
make: *** [cmTC_186d7/fast] Error 2


